<?xml version="1.0" encoding="UTF-8"?>
<testsuite xmlns:xsi="http://www.w3.org/2001/XMLSchema-instance" xsi:noNamespaceSchemaLocation="https://maven.apache.org/surefire/maven-surefire-plugin/xsd/surefire-test-report-3.0.xsd" version="3.0" name="com.AccountTest" time="9.609" tests="3" errors="0" skipped="0" failures="0">
  <properties>
[...]
</properties>
  <testcase name="SwitchToMainViaLogoButtonTest" classname="com.AccountTest" time="1.512"/>
  <testcase name="SwitchToMainViaConstructorButtonTest" classname="com.AccountTest" time="1.422"/>
  <testcase name="SwitchToAccountTest" classname="com.AccountTest" time="1.361"/>
</testsuite>